<?xml version="1.0" encoding="UTF-8"?>
<!-- Generated by org.testng.reporters.JUnitReportReporter -->
<testsuite skipped="0" hostname="Administrators-MacBook-Pro.local" name="testcases.HomePageTest" tests="1" failures="0" timestamp="27 Mar 2019 07:51:14 GMT" time="0.454" errors="0">
  <testcase name="check_docker_hub_title" time="0.454" classname="testcases.HomePageTest"/>
</testsuite> <!-- testcases.HomePageTest -->
